2026/05/23 18:00:36.451312 cmd_run.go:1600: WARNING: will not expose Kerberos tickets' path: Unsupported KRB5CCNAME: KEYRING:persistent:1472000011
[run] cachewrite/dram_proxy : main=100ns
src/sim/syscall_emul.cc:74: warn: ignoring syscall mprotect(...)
cachewrite done: acc=6470656
Exiting @ tick 3483982000 because exiting with last active thread context
[run] cachewrite/mram_main_200 : main=200ns
src/sim/syscall_emul.cc:74: warn: ignoring syscall mprotect(...)
cachewrite done: acc=6470656
Exiting @ tick 3635682000 because exiting with last active thread context
[run] cachewrite/mram_main_300 : main=300ns
src/sim/syscall_emul.cc:74: warn: ignoring syscall mprotect(...)
cachewrite done: acc=6470656
Exiting @ tick 3787382000 because exiting with last active thread context
[run] memstress_4mb/dram_proxy : main=100ns
src/sim/syscall_emul.cc:74: warn: ignoring syscall mprotect(...)
memstress done: size=4MB iters=4 acc=25559040
Exiting @ tick 68231162000 because exiting with last active thread context
[run] memstress_4mb/mram_main_200 : main=200ns
src/sim/syscall_emul.cc:74: warn: ignoring syscall mprotect(...)
memstress done: size=4MB iters=4 acc=25559040
Exiting @ tick 74912662000 because exiting with last active thread context
[run] memstress_4mb/mram_main_300 : main=300ns
src/sim/syscall_emul.cc:74: warn: ignoring syscall mprotect(...)
memstress done: size=4MB iters=4 acc=25559040
Exiting @ tick 81594162000 because exiting with last active thread context

=== summary.csv ===
workload,config,main_lat,simTicks,cpi,l3_miss_lat,host_s
cachewrite,dram_proxy,100ns,3483982000,8.114134,171000,0.13
cachewrite,mram_main_200,200ns,3635682000,8.467441,271000,0.13
cachewrite,mram_main_300,300ns,3787382000,8.820748,371000,0.13
memstress_4mb,dram_proxy,100ns,68231162000,24.858137,171000,1.86
memstress_4mb,mram_main_200,200ns,74912662000,27.292357,271000,1.89
memstress_4mb,mram_main_300,300ns,81594162000,29.726577,371000,1.84
